<?xml version="1.0" encoding="UTF-8"?>
<testsuite xmlns:xsi="http://www.w3.org/2001/XMLSchema-instance" xsi:noNamespaceSchemaLocation="https://maven.apache.org/surefire/maven-surefire-plugin/xsd/surefire-test-report-3.0.xsd" version="3.0" name="lesson_7_junit_5.ArithmeticTest" time="0.066" tests="12" errors="0" skipped="0" failures="0">
  <properties>
    <property name="sun.desktop" value="windows"/>
    <property name="awt.toolkit" value="sun.awt.windows.WToolkit"/>
    <property name="java.specification.version" value="11"/>
    <property name="sun.cpu.isalist" value="amd64"/>
    <property name="sun.jnu.encoding" value="Cp1251"/>
    <property name="java.class.path" value="d:\Autotest\Automation_of_sw_testing\java_lesson\target\test-classes;d:\Autotest\Automation_of_sw_testing\java_lesson\target\classes;C:\Users\darya\.m2\repository\org\junit\jupiter\junit-jupiter-api\5.10.2\junit-jupiter-api-5.10.2.jar;C:\Users\darya\.m2\repository\org\opentest4j\opentest4j\1.3.0\opentest4j-1.3.0.jar;C:\Users\darya\.m2\repository\org\junit\platform\junit-platform-commons\1.10.2\junit-platform-commons-1.10.2.jar;C:\Users\darya\.m2\repository\org\apiguardian\apiguardian-api\1.1.2\apiguardian-api-1.1.2.jar;C:\Users\darya\.m2\repository\org\junit\jupiter\junit-jupiter-engine\5.10.2\junit-jupiter-engine-5.10.2.jar;C:\Users\darya\.m2\repository\org\junit\platform\junit-platform-engine\1.10.2\junit-platform-engine-1.10.2.jar;"/>
    <property name="java.vm.vendor" value="Eclipse Adoptium"/>
    <property name="sun.arch.data.model" value="64"/>
    <property name="user.variant" value=""/>
    <property name="java.vendor.url" value="https://adoptium.net/"/>
    <property name="user.timezone" value="Europe/Samara"/>
    <property name="mvnd.terminalWidth" value="80"/>
    <property name="user.country.format" value="001"/>
    <property name="java.vm.specification.version" value="11"/>
    <property name="os.name" value="Windows 11"/>
    <property name="sun.java.launcher" value="SUN_STANDARD"/>
    <property name="user.country" value="RU"/>
    <property name="sun.boot.library.path" value="D:\Java\bin"/>
    <property name="sun.java.command" value="C:\Users\darya\AppData\Local\Temp\surefire16372612880925854202\surefirebooter-20250612000048346_3.jar C:\Users\darya\AppData\Local\Temp\surefire16372612880925854202 2025-06-12T00-00-48_252-jvmRun1 surefire-20250612000048346_1tmp surefire_0-20250612000048346_2tmp"/>
    <property name="jdk.debug" value="release"/>
    <property name="surefire.test.class.path" value="d:\Autotest\Automation_of_sw_testing\java_lesson\target\test-classes;d:\Autotest\Automation_of_sw_testing\java_lesson\target\classes;C:\Users\darya\.m2\repository\org\junit\jupiter\junit-jupiter-api\5.10.2\junit-jupiter-api-5.10.2.jar;C:\Users\darya\.m2\repository\org\opentest4j\opentest4j\1.3.0\opentest4j-1.3.0.jar;C:\Users\darya\.m2\repository\org\junit\platform\junit-platform-commons\1.10.2\junit-platform-commons-1.10.2.jar;C:\Users\darya\.m2\repository\org\apiguardian\apiguardian-api\1.1.2\apiguardian-api-1.1.2.jar;C:\Users\darya\.m2\repository\org\junit\jupiter\junit-jupiter-engine\5.10.2\junit-jupiter-engine-5.10.2.jar;C:\Users\darya\.m2\repository\org\junit\platform\junit-platform-engine\1.10.2\junit-platform-engine-1.10.2.jar;"/>
    <property name="sun.cpu.endian" value="little"/>
    <property name="user.home" value="C:\Users\darya"/>
    <property name="user.language" value="ru"/>
    <property name="java.specification.vendor" value="Oracle Corporation"/>
    <property name="java.version.date" value="2025-04-15"/>
    <property name="java.home" value="D:\Java"/>
    <property name="file.separator" value="\"/>
    <property name="style.color" value="always"/>
    <property name="basedir" value="d:\Autotest\Automation_of_sw_testing\java_lesson"/>
    <property name="java.vm.compressedOopsMode" value="Zero based"/>
    <property name="line.separator" value="&#10;"/>
    <property name="java.specification.name" value="Java Platform API Specification"/>
    <property name="java.vm.specification.vendor" value="Oracle Corporation"/>
    <property name="java.awt.graphicsenv" value="sun.awt.Win32GraphicsEnvironment"/>
    <property name="surefire.real.class.path" value="C:\Users\darya\AppData\Local\Temp\surefire16372612880925854202\surefirebooter-20250612000048346_3.jar"/>
    <property name="user.script" value=""/>
    <property name="sun.management.compiler" value="HotSpot 64-Bit Tiered Compilers"/>
    <property name="java.runtime.version" value="11.0.27+6"/>
    <property name="user.name" value="darya"/>
    <property name="path.separator" value=";"/>
    <property name="os.version" value="10.0"/>
    <property name="java.runtime.name" value="OpenJDK Runtime Environment"/>
    <property name="file.encoding" value="Cp1251"/>
    <property name="java.vm.name" value="OpenJDK 64-Bit Server VM"/>
    <property name="java.vendor.version" value="Temurin-11.0.27+6"/>
    <property name="localRepository" value="C:\Users\darya\.m2\repository"/>
    <property name="java.vendor.url.bug" value="https://github.com/adoptium/adoptium-support/issues"/>
    <property name="java.io.tmpdir" value="C:\Users\darya\AppData\Local\Temp\"/>
    <property name="java.version" value="11.0.27"/>
    <property name="user.dir" value="d:\Autotest\Automation_of_sw_testing\java_lesson"/>
    <property name="os.arch" value="amd64"/>
    <property name="maven.multiModuleProjectDirectory" value="d:\Autotest\Automation_of_sw_testing\java_lesson"/>
    <property name="java.vm.specification.name" value="Java Virtual Machine Specification"/>
    <property name="java.awt.printerjob" value="sun.awt.windows.WPrinterJob"/>
    <property name="user.language.format" value="en"/>
    <property name="sun.os.patch.level" value=""/>
    <property name="java.library.path" value="D:\Java\bin;C:\WINDOWS\Sun\Java\bin;C:\WINDOWS\system32;C:\WINDOWS;D:\Java\bin;D:\DB\dbhomeXE\bin;C:\Windows\system32;C:\Windows;C:\Windows\System32\Wbem;C:\Windows\System32\WindowsPowerShell\v1.0\;C:\Windows\System32\OpenSSH\;C:\Program Files\Microsoft SQL Server\150\Tools\Binn\;C:\Program Files\Microsoft SQL Server\Client SDK\ODBC\170\Tools\Binn\;C:\Program Files (x86)\Microsoft SQL Server\150\Tools\Binn\;C:\Program Files\Microsoft SQL Server\150\DTS\Binn\;C:\WINDOWS\system32;C:\WINDOWS;C:\WINDOWS\System32\Wbem;C:\WINDOWS\System32\WindowsPowerShell\v1.0\;C:\WINDOWS\System32\OpenSSH\;C:\Program Files\dotnet\;D:\Git\cmd;C:\Program Files\CMake\bin;%USERPROFILE%\AppData\Local\Microsoft\WindowsApps;C:\Program Files\Azure Data Studio\bin;C:\Users\darya\AppData\Local\GitHubDesktop\bin;C:\Users\darya\AppData\Local\Programs\Microsoft VS Code\bin;C:\dev\mingw64\bin;%USERPROFILE%\.dotnet\tools;C:\Users\darya\yandex-cloud\bin;c:\Users\darya\AppData\Roaming\Code\User\globalStorage\github.copilot-chat\debugCommand;."/>
    <property name="java.vm.info" value="mixed mode"/>
    <property name="java.vendor" value="Eclipse Adoptium"/>
    <property name="java.vm.version" value="11.0.27+6"/>
    <property name="java.specification.maintenance.version" value="3"/>
    <property name="sun.io.unicode.encoding" value="UnicodeLittle"/>
    <property name="java.class.version" value="55.0"/>
  </properties>
  <testcase name="restTriangleAreaInvalid" classname="lesson_7_junit_5.ArithmeticTest" time="0.021"/>
  <testcase name="testCompareLess" classname="lesson_7_junit_5.ArithmeticTest" time="0.007">
    <system-out><![CDATA[5 < 10
]]></system-out>
  </testcase>
  <testcase name="testfactorial1" classname="lesson_7_junit_5.ArithmeticTest" time="0.001"/>
  <testcase name="testFactorial20" classname="lesson_7_junit_5.ArithmeticTest" time="0.001"/>
  <testcase name="testCompareGreater" classname="lesson_7_junit_5.ArithmeticTest" time="0.001">
    <system-out><![CDATA[10 > 5
]]></system-out>
  </testcase>
  <testcase name="testTriangleArea1" classname="lesson_7_junit_5.ArithmeticTest" time="0.001"/>
  <testcase name="testTriangleArea2" classname="lesson_7_junit_5.ArithmeticTest" time="0.001"/>
  <testcase name="testArithmetic1" classname="lesson_7_junit_5.ArithmeticTest" time="0.001"/>
  <testcase name="testArithmetic2" classname="lesson_7_junit_5.ArithmeticTest" time="0.001"/>
  <testcase name="testFactorial0" classname="lesson_7_junit_5.ArithmeticTest" time="0.001"/>
  <testcase name="testCompareEqual" classname="lesson_7_junit_5.ArithmeticTest" time="0.001">
    <system-out><![CDATA[10 = 10
]]></system-out>
  </testcase>
  <testcase name="testFactorialNegative" classname="lesson_7_junit_5.ArithmeticTest" time="0.002"/>
</testsuite>